[debug] > Exec(early(addDefaultCommands), None, None)
[debug] > Exec(addDefaultCommands, None, None)
[debug] > Exec(early(initialize), None, None)
[debug] > Exec(initialize, None, None)
[debug] > Exec(early(addPluginSbtFile="""C:\Users\JDCLOT~1\AppData\Local\Temp\idea4546.sbt"""), None, None)
[debug] > Exec(addPluginSbtFile="""C:\Users\JDCLOT~1\AppData\Local\Temp\idea4546.sbt""", None, None)
[debug] > Exec(boot, None, None)
[debug] > Exec(writeSbtVersion, None, None)
[debug] > Exec(reload, None, None)
[debug] > Exec(sbtStashOnFailure, None, None)
[debug] > Exec(onFailure loadFailed, None, None)
[debug] > Exec(loadp, None, None)
[info] welcome to sbt 1.8.2 (Oracle Corporation Java 1.8.0_301)
[debug]       Load.loadUnit: plugins took 157.5628ms
[debug]       Load.loadUnit: defsScala took 0.5594ms
[debug] [Loading] Scanning directory C:\Users\JD Clothing pvt Ltd\.sbt\1.0\plugins
[debug] [Loading] Found non-root projects 
[debug] [Loading] Done in C:\Users\JD Clothing pvt Ltd\.sbt\1.0\plugins, returning: ()
[debug] deducing auto plugins based on known facts Set(Atom(sbt.plugins.CorePlugin)) and clauses Clauses(Clause(Atom(sbt.plugins.JvmPlugin),Set(Atom(sbt.plugins.IvyPlugin)))
[debug] Clause(Atom(sbt.ScriptedPlugin),Set(Atom(sbt.plugins.JvmPlugin)))
[debug] Clause(Atom(sbt.plugins.SbtPlugin),Set(Atom(sbt.ScriptedPlugin)))
[debug] Clause(Atom(sbt.plugins.SemanticdbPlugin),Set(Atom(sbt.plugins.JvmPlugin)))
[debug] Clause(Atom(sbt.plugins.JUnitXmlReportPlugin),Set(Atom(sbt.plugins.JvmPlugin)))
[debug] Clause(Atom(sbt.plugins.MiniDependencyTreePlugin),Set(Atom(sbt.plugins.JvmPlugin)))
[debug] Clause(Atom(sbt.plugins.CorePlugin),Set(Atom(sbt.plugins.IvyPlugin)))
[debug] Clause(Atom(sbt.plugins.IvyPlugin),Set(Atom(sbt.plugins.JvmPlugin)))
[debug] Clause(Atom(sbt.plugins.JvmPlugin),Set(Atom(sbt.plugins.SemanticdbPlugin)))
[debug] Clause(Atom(sbt.plugins.JvmPlugin),Set(Atom(sbt.plugins.JUnitXmlReportPlugin)))
[debug] Clause(Atom(sbt.plugins.CorePlugin),Set(Atom(sbt.plugins.Giter8TemplatePlugin)))
[debug] Clause(Atom(sbt.plugins.JvmPlugin),Set(Atom(sbt.plugins.MiniDependencyTreePlugin))))
[debug]   :: deduced result: Matched(sbt.plugins.CorePlugin,sbt.plugins.Giter8TemplatePlugin,sbt.plugins.IvyPlugin,sbt.plugins.JvmPlugin,sbt.plugins.MiniDependencyTreePlugin,sbt.plugins.JUnitXmlReportPlugin,sbt.plugins.SemanticdbPlugin)
[debug] Plugins.deducer#function took 30.2448 ms
[debug]           Load.resolveProject(global-plugins) took 119.7729ms
[debug]         Load.loadTransitive: finalizeProject(Project(id global-plugins, base: C:\Users\JD Clothing pvt Ltd\.sbt\1.0\plugins, plugins: List(<none>))) took 202.4856ms
[debug] [Loading] Done in C:\Users\JD Clothing pvt Ltd\.sbt\1.0\plugins, returning: (global-plugins)
[debug]       Load.loadUnit: loadedProjectsRaw took 236.7959ms
[debug]       Load.loadUnit: cleanEvalClasses took 0.6312ms
[debug]     Load.loadUnit(file:/C:/Users/JD%20Clothing%20pvt%20Ltd/.sbt/1.0/plugins/, ...) took 563.5202ms
[debug]   Load.apply: load took 1120.2664ms
[debug]   Load.apply: resolveProjects took 12.9169ms
[debug]   Load.apply: finalTransforms took 106.3672ms
[debug]   Load.apply: config.delegates took 20.5479ms
[debug]   Load.apply: Def.make(settings)... took 782.2757ms
[debug]   Load.apply: structureIndex took 151.1328ms
[debug]   Load.apply: mkStreams took 3.0932ms
[info] loading global plugins from C:\Users\JD Clothing pvt Ltd\.sbt\1.0\plugins
[debug] Running task... Cancel: Signal, check cycles: false, forcegc: true
[debug] Load.defaultLoad until apply took 11946.9398ms
[debug]           Load.loadUnit: plugins took 59.8976ms
[debug]           Load.loadUnit: defsScala took 0.0056ms
[debug] [Loading] Scanning directory C:\Users\JD Clothing pvt Ltd\Desktop\scala\Projectwithsbt\ScalaImplement\project
[debug]             Load.loadUnit: mkEval took 10.9646ms
[debug] [Loading] Found non-root projects 
[debug] [Loading] Done in C:\Users\JD Clothing pvt Ltd\Desktop\scala\Projectwithsbt\ScalaImplement\project, returning: ()
[debug] deducing auto plugins based on known facts Set(Atom(sbt.plugins.CorePlugin)) and clauses Clauses(Clause(Atom(sbt.plugins.JvmPlugin),Set(Atom(sbt.plugins.IvyPlugin)))
[debug] Clause(Atom(sbt.ScriptedPlugin),Set(Atom(sbt.plugins.JvmPlugin)))
[debug] Clause(Atom(sbt.plugins.SbtPlugin),Set(Atom(sbt.ScriptedPlugin)))
[debug] Clause(Atom(sbt.plugins.SemanticdbPlugin),Set(Atom(sbt.plugins.JvmPlugin)))
[debug] Clause(Atom(sbt.plugins.JUnitXmlReportPlugin),Set(Atom(sbt.plugins.JvmPlugin)))
[debug] Clause(Atom(sbt.plugins.MiniDependencyTreePlugin),Set(Atom(sbt.plugins.JvmPlugin)))
[debug] Clause(Atom(sbt.plugins.CorePlugin),Set(Atom(sbt.plugins.IvyPlugin)))
[debug] Clause(Atom(sbt.plugins.IvyPlugin),Set(Atom(sbt.plugins.JvmPlugin)))
[debug] Clause(Atom(sbt.plugins.JvmPlugin),Set(Atom(sbt.plugins.SemanticdbPlugin)))
[debug] Clause(Atom(sbt.plugins.JvmPlugin),Set(Atom(sbt.plugins.JUnitXmlReportPlugin)))
[debug] Clause(Atom(sbt.plugins.CorePlugin),Set(Atom(sbt.plugins.Giter8TemplatePlugin)))
[debug] Clause(Atom(sbt.plugins.JvmPlugin),Set(Atom(sbt.plugins.MiniDependencyTreePlugin))))
[debug]   :: deduced result: Matched(sbt.plugins.CorePlugin,sbt.plugins.Giter8TemplatePlugin,sbt.plugins.IvyPlugin,sbt.plugins.JvmPlugin,sbt.plugins.MiniDependencyTreePlugin,sbt.plugins.JUnitXmlReportPlugin,sbt.plugins.SemanticdbPlugin)
[debug] Plugins.deducer#function took 5.5878 ms
[info] loading settings for project scalaimplement-build from idea4546.sbt ...
[debug]               Load.resolveProject(scalaimplement-build) took 18.7822ms
[debug]             Load.loadTransitive: finalizeProject(Project(id scalaimplement-build, base: C:\Users\JD Clothing pvt Ltd\Desktop\scala\Projectwithsbt\ScalaImplement\project, plugins: List(<none>))) took 36.1713ms
[debug] [Loading] Done in C:\Users\JD Clothing pvt Ltd\Desktop\scala\Projectwithsbt\ScalaImplement\project, returning: (scalaimplement-build)
[debug]           Load.loadUnit: loadedProjectsRaw took 420.7137ms
[debug]           Load.loadUnit: cleanEvalClasses took 24.4625ms
[debug]         Load.loadUnit(file:/C:/Users/JD%20Clothing%20pvt%20Ltd/Desktop/scala/Projectwithsbt/ScalaImplement/project/, ...) took 507.4322ms
[debug]       Load.apply: load took 512.2028ms
[debug]       Load.apply: resolveProjects took 0.2304ms
[debug]       Load.apply: finalTransforms took 58.0197ms
[debug]       Load.apply: config.delegates took 0.4843ms
[debug]       Load.apply: Def.make(settings)... took 2398.6175ms
[debug]       Load.apply: structureIndex took 41.8398ms
[debug]       Load.apply: mkStreams took 0.0044ms
[info] loading project definition from C:\Users\JD Clothing pvt Ltd\Desktop\scala\Projectwithsbt\ScalaImplement\project
[debug] Running task... Cancel: Signal, check cycles: false, forcegc: true
[debug]     Load.loadUnit: plugins took 11443.8552ms
[debug]     Load.loadUnit: defsScala took 0.0038ms
[debug] [Loading] Scanning directory C:\Users\JD Clothing pvt Ltd\Desktop\scala\Projectwithsbt\ScalaImplement
[debug]       Load.loadUnit: mkEval took 0.401ms
[debug] [Loading] Found root project root w/ remaining 
[debug] deducing auto plugins based on known facts Set(Atom(sbt.plugins.CorePlugin)) and clauses Clauses(Clause(Atom(sbt.plugins.JvmPlugin),Set(Atom(sbt.plugins.IvyPlugin)))
[debug] Clause(Atom(sbt.ScriptedPlugin),Set(Atom(sbt.plugins.JvmPlugin)))
[debug] Clause(Atom(sbt.plugins.SbtPlugin),Set(Atom(sbt.ScriptedPlugin)))
[debug] Clause(Atom(sbt.plugins.SemanticdbPlugin),Set(Atom(sbt.plugins.JvmPlugin)))
[debug] Clause(Atom(sbt.plugins.JUnitXmlReportPlugin),Set(Atom(sbt.plugins.JvmPlugin)))
[debug] Clause(Atom(sbt.plugins.MiniDependencyTreePlugin),Set(Atom(sbt.plugins.JvmPlugin)))
[debug] Clause(Atom(org.jetbrains.sbt.StructurePlugin),Set(Atom(sbt.plugins.JvmPlugin)))
[debug] Clause(Atom(org.jetbrains.sbt.IdeaShellPlugin),Set(Atom(sbt.plugins.JvmPlugin)))
[debug] Clause(Atom(org.jetbrains.sbt.indices.SbtIntellijIndicesPlugin),Set(Atom(sbt.plugins.JvmPlugin)))
[debug] Clause(Atom(sbt.plugins.CorePlugin),Set(Atom(sbt.plugins.IvyPlugin)))
[debug] Clause(Atom(sbt.plugins.IvyPlugin),Set(Atom(sbt.plugins.JvmPlugin)))
[debug] Clause(Atom(sbt.plugins.JvmPlugin),Set(Atom(sbt.plugins.SemanticdbPlugin)))
[debug] Clause(Atom(sbt.plugins.JvmPlugin),Set(Atom(sbt.plugins.JUnitXmlReportPlugin)))
[debug] Clause(Atom(sbt.plugins.CorePlugin),Set(Atom(sbt.plugins.Giter8TemplatePlugin)))
[debug] Clause(Atom(sbt.plugins.JvmPlugin),Set(Atom(sbt.plugins.MiniDependencyTreePlugin)))
[debug] Clause(Atom(sbt.plugins.JvmPlugin),Set(Atom(org.jetbrains.sbt.StructurePlugin)))
[debug] Clause(Atom(sbt.plugins.JvmPlugin),Set(Atom(org.jetbrains.sbt.IdeaShellPlugin)))
[debug] Clause(And(Set(Atom(sbt.plugins.CorePlugin), Atom(sbt.plugins.JvmPlugin))),Set(Atom(org.jetbrains.sbt.indices.SbtIntellijIndicesPlugin))))
[debug]   :: deduced result: Matched(sbt.plugins.CorePlugin,sbt.plugins.Giter8TemplatePlugin,sbt.plugins.IvyPlugin,sbt.plugins.JvmPlugin,sbt.plugins.SemanticdbPlugin,org.jetbrains.sbt.indices.SbtIntellijIndicesPlugin,sbt.plugins.JUnitXmlReportPlugin,org.jetbrains.sbt.IdeaShellPlugin,org.jetbrains.sbt.StructurePlugin,sbt.plugins.MiniDependencyTreePlugin)
[debug] Plugins.deducer#function took 2.8242 ms
[info] loading settings for project root from build.sbt ...
[debug]         Load.resolveProject(root) took 34.2904ms
[debug]       Load.loadTransitive: finalizeProject(Project(id root, base: C:\Users\JD Clothing pvt Ltd\Desktop\scala\Projectwithsbt\ScalaImplement, plugins: List(<none>))) took 39.2526ms
[debug] [Loading] Done in C:\Users\JD Clothing pvt Ltd\Desktop\scala\Projectwithsbt\ScalaImplement, returning: (root)
[debug]     Load.loadUnit: loadedProjectsRaw took 156.6631ms
[debug]     Load.loadUnit: cleanEvalClasses took 1814.2326ms
[debug]   Load.loadUnit(file:/C:/Users/JD%20Clothing%20pvt%20Ltd/Desktop/scala/Projectwithsbt/ScalaImplement/, ...) took 13415.9073ms
[debug] Load.apply: load took 13422.3174ms
[debug] Load.apply: resolveProjects took 0.1969ms
[debug] Load.apply: finalTransforms took 31.2555ms
[debug] Load.apply: config.delegates took 0.393ms
[debug] Load.apply: Def.make(settings)... took 106.2987ms
[debug] Load.apply: structureIndex took 25.381ms
[debug] Load.apply: mkStreams took 0.0027ms
[info] set current project to ScalaImplement (in build file:/C:/Users/JD%20Clothing%20pvt%20Ltd/Desktop/scala/Projectwithsbt/ScalaImplement/)
[debug] > Exec(sbtPopOnFailure, None, None)
[debug] > Exec(resumeFromFailure, None, None)
[debug] > Exec(notifyUsersAboutShell, None, None)
[debug] > Exec(iflast shell, None, None)
[debug] > Exec(; set ideaPort in Global := 57054 ; idea-shell, None, None)
[debug] > Exec(set ideaPort in Global := 57054, None, None)
[info] Defining Global / ideaPort
[info] The new value will be used by Compile / compile, Test / compile
[debug] Defining 
[debug] 	Global / ideaPort
[debug] 
[debug] The new value will be used by 
[debug] 	Compile / compile
[debug] 	Test / compile
[info] Reapplying settings...
[info] set current project to ScalaImplement (in build file:/C:/Users/JD%20Clothing%20pvt%20Ltd/Desktop/scala/Projectwithsbt/ScalaImplement/)
[debug] > Exec(idea-shell, None, None)
